<?xml version="1.0" encoding="UTF-8"?>
<!-- Generated by org.testng.reporters.JUnitReportReporter -->
<testsuite skipped="0" hostname="HP-PC" name="actitimeTestClass.Flipkart" tests="1" failures="0" timestamp="28 Jun 2021 16:31:36 GMT" time="18.273" errors="0">
  <testcase name="openbrowser" time="18.273" classname="actitimeTestClass.Flipkart"/>
</testsuite> <!-- actitimeTestClass.Flipkart -->
