<?xml version="1.0" encoding="UTF-8"?>
<!-- Generated by org.testng.reporters.JUnitReportReporter -->
<testsuite skipped="0" hostname="HP-PC" name="group.Groupping" tests="2" failures="0" timestamp="26 Jun 2021 14:57:23 GMT" time="0.045" errors="0">
  <testcase name="abc" time="0.043" classname="group.Groupping"/>
  <testcase name="ghi" time="0.002" classname="group.Groupping"/>
</testsuite> <!-- group.Groupping -->
