<?xml version="1.0" encoding="UTF-8"?>
<!-- Generated by org.testng.reporters.JUnitReportReporter -->
<testsuite skipped="0" hostname="HP-PC" name="annotations.Test2" tests="1" failures="0" timestamp="17 Jul 2021 06:14:38 GMT" time="0.002" errors="0">
  <testcase name="ghi" time="0.002" classname="annotations.Test2"/>
</testsuite> <!-- annotations.Test2 -->
