<?xml version="1.0" encoding="UTF-8"?>
<!-- Generated by org.testng.reporters.JUnitReportReporter -->
<testsuite skipped="0" hostname="HP-PC" name="annotations.Test3" tests="1" failures="0" timestamp="17 Jul 2021 06:14:38 GMT" time="0.001" errors="0">
  <testcase name="f" time="0.001" classname="annotations.Test3"/>
</testsuite> <!-- annotations.Test3 -->
