<?xml version="1.0" encoding="UTF-8"?>
<!-- Generated by org.testng.reporters.JUnitReportReporter -->
<testsuite skipped="0" hostname="HP-PC" name="groupMethods.Groupping" tests="3" failures="0" timestamp="01 Jul 2021 10:27:18 GMT" time="0.025" errors="0">
  <testcase name="abc" time="0.020" classname="groupMethods.Groupping"/>
  <testcase name="mno" time="0.000" classname="groupMethods.Groupping"/>
  <testcase name="def" time="0.005" classname="groupMethods.Groupping"/>
</testsuite> <!-- groupMethods.Groupping -->
