<?xml version="1.0" encoding="UTF-8"?>
<!-- Generated by org.testng.reporters.JUnitReportReporter -->
<testsuite skipped="1" hostname="HP-PC" name="annotations.TestNgAnnotation" tests="7" failures="0" timestamp="17 Jul 2021 06:14:38 GMT" time="0.025" errors="1">
  <testcase name="def" time="0.009" classname="annotations.TestNgAnnotation">
    <error type="junit.framework.AssertionFailedError">
      <![CDATA[junit.framework.AssertionFailedError
at junit.framework.Assert.fail(Assert.java:47)
at junit.framework.Assert.fail(Assert.java:53)
at annotations.TestNgAnnotation.def(TestNgAnnotation.java:17)
at sun.reflect.NativeMethodAccessorImpl.invoke0(Native Method)
at sun.reflect.NativeMethodAccessorImpl.invoke(Unknown Source)
at sun.reflect.DelegatingMethodAccessorImpl.invoke(Unknown Source)
at java.lang.reflect.Method.invoke(Unknown Source)
at org.testng.internal.MethodInvocationHelper.invokeMethod(MethodInvocationHelper.java:124)
at org.testng.internal.Invoker.invokeMethod(Invoker.java:583)
at org.testng.internal.Invoker.invokeTestMethod(Invoker.java:719)
at org.testng.internal.Invoker.invokeTestMethods(Invoker.java:989)
at org.testng.internal.TestMethodWorker.invokeTestMethods(TestMethodWorker.java:125)
at org.testng.internal.TestMethodWorker.run(TestMethodWorker.java:109)
at java.util.concurrent.ThreadPoolExecutor.runWorker(Unknown Source)
at java.util.concurrent.ThreadPoolExecutor$Worker.run(Unknown Source)
at java.lang.Thread.run(Unknown Source)
]]>
    </error>
  </testcase> <!-- def -->
  <testcase name="klm" time="0.001" classname="annotations.TestNgAnnotation"/>
  <testcase name="abc" time="0.003" classname="annotations.TestNgAnnotation"/>
  <testcase name="ghi" time="0.002" classname="annotations.TestNgAnnotation"/>
  <testcase name="ghi" time="0.002" classname="annotations.TestNgAnnotation"/>
  <testcase name="ghi" time="0.008" classname="annotations.TestNgAnnotation"/>
  <testcase name="jkl" time="0.000" classname="annotations.TestNgAnnotation">
    <skipped/>
  </testcase> <!-- jkl -->
</testsuite> <!-- annotations.TestNgAnnotation -->
